    2025/0010/0019 0016:0049:0052 [notice] 7460: master process ./nginx 7460 启动并开始运行......!
    2025/0010/0019 0016:0049:0052 [standard error] 7461: 这是子进程, 编号为0, pid为7461!
    2025/0010/0019 0016:0049:0052 [standard error] 7461: 这是子进程, 编号为0, pid为7461!
    2025/0010/0019 0016:0049:0052 [standard error] 7461: 这是子进程, 编号为0, pid为7461!
    2025/0010/0019 0016:0049:0052 [standard error] 7461: 这是子进程, 编号为0, pid为7461!
    2025/0010/0019 0016:0049:0052 [standard error] 7461: 这是子进程, 编号为0, pid为7461!
    2025/0010/0019 0016:0049:0052 [standard error] 7461: 这是子进程, 编号为0, pid为7461!
    2025/0010/0019 0016:0049:0052 [standard error] 7461: 这是子进程, 编号为0, pid为7461!
    2025/0010/0019 0016:0049:0052 [standard error] 7461: 这是子进程, 编号为0, pid为7461!
    2025/0010/0019 0016:0049:0052 [standard error] 7461: 这是子进程, 编号为0, pid为7461!
    2025/0010/0019 0016:0049:0052 [standard error] 7461: 这是子进程, 编号为0, pid为7461!
    2025/0010/0019 0016:0049:0052 [standard error] 7461: 这是子进程, 编号为0, pid为7461!
    2025/0010/0019 0016:0049:0052 [standard error] 7461: 这是子进程, 编号为0, pid为7461!
    2025/0010/0019 0016:0049:0052 [standard error] 7461: 这是子进程, 编号为0, pid为7461!
    2025/0010/0019 0016:0049:0052 [standard error] 7461: 这是子进程, 编号为0, pid为7461!
    2025/0010/0019 0016:0049:0052 [standard error] 7461: 这是子进程, 编号为0, pid为7461!
    2025/0010/0019 0016:0049:0052 [standard error] 7461: 这是子进程, 编号为0, pid为7461!
    2025/0010/0019 0016:0049:0052 [standard error] 7461: 这是子进程, 编号为0, pid为7461!
    2025/0010/0019 0016:0049:0052 [standard error] 7461: 这是子进程, 编号为0, pid为7461!
    2025/0010/0019 0016:0049:0052 [standard error] 7461: 这是子进程, 编号为0, pid为7461!
    2025/0010/0019 0016:0049:0052 [standard error] 7461: 这是子进程, 编号为0, pid为7461!
    2025/0010/0019 0016:0049:0052 [standard error] 7461: 这是子进程, 编号为0, pid为7461!
    2025/0010/0019 0016:0049:0052 [standard error] 7461: 这是子进程, 编号为0, pid为7461!
    2025/0010/0019 0016:0049:0052 [standard error] 7461: 这是子进程, 编号为0, pid为7461!
    2025/0010/0019 0016:0049:0052 [standard error] 7461: 这是子进程, 编号为0, pid为7461!
    2025/0010/0019 0016:0049:0052 [standard error] 7461: 这是子进程, 编号为0, pid为7461!
    2025/0010/0019 0016:0049:0052 [standard error] 7461: 这是子进程, 编号为0, pid为7461!
    2025/0010/0019 0016:0049:0052 [standard error] 7461: 这是子进程, 编号为0, pid为7461!
    2025/0010/0019 0016:0049:0052 [standard error] 7461: 这是子进程, 编号为0, pid为7461!
    2025/0010/0019 0016:0049:0052 [standard error] 7461: 这是子进程, 编号为0, pid为7461!
    2025/0010/0019 0016:0049:0052 [standard error] 7461: 这是子进程, 编号为0, pid为7461!
    2025/0010/0019 0016:0049:0052 [standard error] 7461: 这是子进程, 编号为0, pid为7461!
    2025/0010/0019 0016:0049:0052 [standard error] 7461: 这是子进程, 编号为0, pid为7461!
    2025/0010/0019 0016:0049:0052 [standard error] 7461: 这是子进程, 编号为0, pid为7461!
    2025/0010/0019 0016:0049:0052 [standard error] 7461: 这是子进程, 编号为0, pid为7461!
    2025/0010/0019 0016:0049:0052 [standard error] 7461: 这是子进程, 编号为0, pid为7461!
    2025/0010/0019 0016:0049:0052 [standard error] 7461: 这是子进程, 编号为0, pid为7461!
    2025/0010/0019 0016:0049:0052 [standard error] 7461: 这是子进程, 编号为0, pid为7461!
    2025/0010/0019 0016:0049:0052 [standard error] 7461: 这是子进程, 编号为0, pid为7461!
    2025/0010/0019 0016:0049:0052 [standard error] 7462: 这是子进程, 编号为1, pid为7462!
    2025/0010/0019 0016:0049:0052 [standard error] 7461: 这是子进程, 编号为0, pid为7461!
    2025/0010/0019 0016:0049:0052 [standard error] 7462: 这是子进程, 编号为1, pid为7462!
    2025/0010/0019 0016:0049:0052 [standard error] 7461: 这是子进程, 编号为0, pid为7461!
    2025/0010/0019 0016:0049:0052 [standard error] 7462: 这是子进程, 编号为1, pid为7462!
    2025/0010/0019 0016:0049:0052 [standard error] 7461: 这是子进程, 编号为0, pid为7461!
    2025/0010/0019 0016:0049:0052 [standard error] 7462: 这是子进程, 编号为1, pid为7462!
    2025/0010/0019 0016:0049:0052 [standard error] 7461: 这是子进程, 编号为0, pid为7461!
    2025/0010/0019 0016:0049:0052 [standard error] 7462: 这是子进程, 编号为1, pid为7462!
    2025/0010/0019 0016:0049:0052 [standard error] 7461: 这是子进程, 编号为0, pid为7461!
    2025/0010/0019 0016:0049:0052 [standard error] 7462: 这是子进程, 编号为1, pid为7462!
    2025/0010/0019 0016:0049:0052 [standard error] 7461: 这是子进程, 编号为0, pid为7461!
    2025/0010/0019 0016:0049:0052 [standard error] 7462: 这是子进程, 编号为1, pid为7462!
    2025/0010/0019 0016:0049:0052 [standard error] 7461: 这是子进程, 编号为0, pid为7461!
    2025/0010/0019 0016:0049:0052 [standard error] 7462: 这是子进程, 编号为1, pid为7462!
    2025/0010/0019 0016:0049:0052 [standard error] 7461: 这是子进程, 编号为0, pid为7461!
    2025/0010/0019 0016:0049:0052 [standard error] 7462: 这是子进程, 编号为1, pid为7462!
    2025/0010/0019 0016:0049:0052 [standard error] 7461: 这是子进程, 编号为0, pid为7461!
    2025/0010/0019 0016:0049:0052 [standard error] 7462: 这是子进程, 编号为1, pid为7462!
    2025/0010/0019 0016:0049:0052 [standard error] 7461: 这是子进程, 编号为0, pid为7461!
    2025/0010/0019 0016:0049:0052 [standard error] 7462: 这是子进程, 编号为1, pid为7462!
    2025/0010/0019 0016:0049:0052 [standard error] 7461: 这是子进程, 编号为0, pid为7461!
    2025/0010/0019 0016:0049:0052 [standard error] 7462: 这是子进程, 编号为1, pid为7462!
    2025/0010/0019 0016:0049:0052 [standard error] 7461: 这是子进程, 编号为0, pid为7461!
    2025/0010/0019 0016:0049:0052 [standard error] 7462: 这是子进程, 编号为1, pid为7462!
    2025/0010/0019 0016:0049:0052 [standard error] 7461: 这是子进程, 编号为0, pid为7461!
    2025/0010/0019 0016:0049:0052 [standard error] 7462: 这是子进程, 编号为1, pid为7462!
    2025/0010/0019 0016:0049:0052 [standard error] 7461: 这是子进程, 编号为0, pid为7461!
    2025/0010/0019 0016:0049:0052 [standard error] 7462: 这是子进程, 编号为1, pid为7462!
    2025/0010/0019 0016:0049:0052 [standard error] 7461: 这是子进程, 编号为0, pid为7461!
    2025/0010/0019 0016:0049:0052 [standard error] 7462: 这是子进程, 编号为1, pid为7462!
    2025/0010/0019 0016:0049:0052 [standard error] 7461: 这是子进程, 编号为0, pid为7461!
    2025/0010/0019 0016:0049:0052 [standard error] 7462: 这是子进程, 编号为1, pid为7462!
    2025/0010/0019 0016:0049:0052 [standard error] 7461: 这是子进程, 编号为0, pid为7461!
    2025/0010/0019 0016:0049:0052 [standard error] 7462: 这是子进程, 编号为1, pid为7462!
    2025/0010/0019 0016:0049:0052 [standard error] 7461: 这是子进程, 编号为0, pid为7461!
    2025/0010/0019 0016:0049:0052 [standard error] 7462: 这是子进程, 编号为1, pid为7462!
    2025/0010/0019 0016:0049:0052 [standard error] 7461: 这是子进程, 编号为0, pid为7461!
    2025/0010/0019 0016:0049:0052 [standard error] 7462: 这是子进程, 编号为1, pid为7462!
    2025/0010/0019 0016:0049:0052 [standard error] 7461: 这是子进程, 编号为0, pid为7461!
    2025/0010/0019 0016:0049:0052 [standard error] 7462: 这是子进程, 编号为1, pid为7462!
    2025/0010/0019 0016:0049:0052 [standard error] 7461: 这是子进程, 编号为0, pid为7461!
    2025/0010/0019 0016:0049:0052 [standard error] 7462: 这是子进程, 编号为1, pid为7462!
    2025/0010/0019 0016:0049:0052 [standard error] 7461: 这是子进程, 编号为0, pid为7461!
    2025/0010/0019 0016:0049:0052 [standard error] 7462: 这是子进程, 编号为1, pid为7462!
    2025/0010/0019 0016:0049:0052 [standard error] 7461: 这是子进程, 编号为0, pid为7461!
    2025/0010/0019 0016:0049:0052 [standard error] 7462: 这是子进程, 编号为1, pid为7462!
    2025/0010/0019 0016:0049:0052 [standard error] 7461: 这是子进程, 编号为0, pid为7461!
    2025/0010/0019 0016:0049:0052 [standard error] 7462: 这是子进程, 编号为1, pid为7462!
    2025/0010/0019 0016:0049:0052 [standard error] 7461: 这是子进程, 编号为0, pid为7461!
    2025/0010/0019 0016:0049:0052 [standard error] 7462: 这是子进程, 编号为1, pid为7462!
    2025/0010/0019 0016:0049:0052 [standard error] 7463: 这是子进程, 编号为2, pid为7463!
    2025/0010/0019 0016:0049:0052 [standard error] 7461: 这是子进程, 编号为0, pid为7461!
    2025/0010/0019 0016:0049:0052 [standard error] 7462: 这是子进程, 编号为1, pid为7462!
    2025/0010/0019 0016:0049:0052 [standard error] 7463: 这是子进程, 编号为2, pid为7463!
    2025/0010/0019 0016:0049:0052 [standard error] 7461: 这是子进程, 编号为0, pid为7461!
    2025/0010/0019 0016:0049:0052 [standard error] 7462: 这是子进程, 编号为1, pid为7462!
    2025/0010/0019 0016:0049:0052 [standard error] 7463: 这是子进程, 编号为2, pid为7463!
    2025/0010/0019 0016:0049:0052 [standard error] 7461: 这是子进程, 编号为0, pid为7461!
    2025/0010/0019 0016:0049:0052 [standard error] 7462: 这是子进程, 编号为1, pid为7462!
    2025/0010/0019 0016:0049:0052 [standard error] 7463: 这是子进程, 编号为2, pid为7463!
    2025/0010/0019 0016:0049:0052 [standard error] 7461: 这是子进程, 编号为0, pid为7461!
    2025/0010/0019 0016:0049:0052 [standard error] 7462: 这是子进程, 编号为1, pid为7462!
    2025/0010/0019 0016:0049:0052 [standard error] 7463: 这是子进程, 编号为2, pid为7463!
    2025/0010/0019 0016:0049:0052 [standard error] 7461: 这是子进程, 编号为0, pid为7461!
    2025/0010/0019 0016:0049:0052 [standard error] 7462: 这是子进程, 编号为1, pid为7462!
    2025/0010/0019 0016:0049:0052 [standard error] 7463: 这是子进程, 编号为2, pid为7463!
    2025/0010/0019 0016:0049:0052 [standard error] 7461: 这是子进程, 编号为0, pid为7461!
    2025/0010/0019 0016:0049:0052 [standard error] 7462: 这是子进程, 编号为1, pid为7462!
    2025/0010/0019 0016:0049:0052 [standard error] 7463: 这是子进程, 编号为2, pid为7463!
    2025/0010/0019 0016:0049:0052 [standard error] 7461: 这是子进程, 编号为0, pid为7461!
    2025/0010/0019 0016:0049:0052 [standard error] 7462: 这是子进程, 编号为1, pid为7462!
    2025/0010/0019 0016:0049:0052 [standard error] 7463: 这是子进程, 编号为2, pid为7463!
    2025/0010/0019 0016:0049:0052 [standard error] 7460: 这是父进程, pid为7460
    2025/0010/0019 0016:0049:0052 [standard error] 7461: 这是子进程, 编号为0, pid为7461!
    2025/0010/0019 0016:0049:0052 [standard error] 7462: 这是子进程, 编号为1, pid为7462!
    2025/0010/0019 0016:0049:0052 [standard error] 7463: 这是子进程, 编号为2, pid为7463!
    2025/0010/0019 0016:0049:0052 [standard error] 7461: 这是子进程, 编号为0, pid为7461!
    2025/0010/0019 0016:0049:0052 [standard error] 7462: 这是子进程, 编号为1, pid为7462!
    2025/0010/0019 0016:0049:0052 [standard error] 7463: 这是子进程, 编号为2, pid为7463!
    2025/0010/0019 0016:0049:0052 [standard error] 7461: 这是子进程, 编号为0, pid为7461!
    2025/0010/0019 0016:0049:0052 [standard error] 7462: 这是子进程, 编号为1, pid为7462!
    2025/0010/0019 0016:0049:0052 [standard error] 7463: 这是子进程, 编号为2, pid为7463!
    2025/0010/0019 0016:0049:0052 [standard error] 7461: 这是子进程, 编号为0, pid为7461!
    2025/0010/0019 0016:0049:0052 [standard error] 7462: 这是子进程, 编号为1, pid为7462!
    2025/0010/0019 0016:0049:0052 [standard error] 7463: 这是子进程, 编号为2, pid为7463!
    2025/0010/0019 0016:0049:0052 [standard error] 7461: 这是子进程, 编号为0, pid为7461!
    2025/0010/0019 0016:0049:0052 [standard error] 7462: 这是子进程, 编号为1, pid为7462!
    2025/10/20 22:36:56 [notice] 30721: master process ./nginx 30721 启动并开始运行......!
2025/10/20 22:36:56 [notice] 30722: worker process 30722 启动并开始运行......!
2025/10/20 22:36:56 [notice] 30723: worker process 30723 启动并开始运行......!
2025/10/20 22:36:56 [notice] 30724: worker process 30724 启动并开始运行......!
2025/10/20 22:36:56 [standard error] 30721: 这是父进程, pid为30721
2025/10/20 22:36:56 [notice] 30725: worker process 30725 启动并开始运行......!
2025/10/20 22:39:20 [notice] 31596: master process ./nginx 31596 启动并开始运行......!
2025/10/20 22:39:20 [notice] 31597: worker process 31597 启动并开始运行......!
2025/10/20 22:39:20 [notice] 31598: worker process 31598 启动并开始运行......!
2025/10/20 22:39:20 [notice] 31599: worker process 31599 启动并开始运行......!
2025/10/20 22:39:20 [standard error] 31596: 这是父进程, pid为31596
2025/10/20 22:39:20 [notice] 31600: worker process 31600 启动并开始运行......!
2025/10/20 22:53:47 [notice] 16171: master process ./nginx 16171 启动并开始运行......!
2025/10/20 22:53:47 [notice] 16172: worker process 16172 启动并开始运行......!
2025/10/20 22:53:47 [notice] 16173: worker process 16173 启动并开始运行......!
2025/10/20 22:53:47 [notice] 16174: worker process 16174 启动并开始运行......!
2025/10/20 22:53:47 [standard error] 16171: 这是父进程, pid为16171
2025/10/20 22:53:47 [notice] 16175: worker process 16175 启动并开始运行......!
2025/10/20 23:29:49 [notice] 10486: master process ./nginx 10486 启动并开始运行......!
2025/10/20 23:29:49 [notice] 10487: worker process 10487 启动并开始运行......!
2025/10/20 23:29:49 [notice] 10488: worker process 10488 启动并开始运行......!
2025/10/20 23:29:49 [notice] 10489: worker process 10489 启动并开始运行......!
2025/10/20 23:29:49 [standard error] 10486: 这是父进程, pid为10486
2025/10/20 23:29:49 [notice] 10490: worker process 10490 启动并开始运行......!
